09:36:23 **** Build of configuration Debug for project wixel_motor_test_1 ****
make all 
make: *** No rule to make target `all'.  Stop.
09:41:04 **** Incremental Build of configuration Debug for project wixel_motor_test_1 ****
make all 
make: *** No rule to make target `all'.  Stop.
09:41:05 **** Build of configuration Default for project wixel_motor_test_2 ****
make all 
make: *** No rule to make target `all'.  Stop.
09:41:43 **** Incremental Build of configuration Debug for project wixel_motor_test_1 ****
make all 
make: *** No rule to make target `all'.  Stop.
09:42:57 **** Incremental Build of configuration Debug for project wixel_motor_test_1 ****
make all 
make: *** No rule to make target `all'.  Stop.
09:43:56 **** Incremental Build of configuration Debug for project wixel_motor_test_1 ****
make all 
make: *** No rule to make target `all'.  Stop.
09:43:59 **** Incremental Build of configuration Debug for project wixel_motor_test_1 ****
make all 
make: *** No rule to make target `all'.  Stop.
09:44:01 **** Incremental Build of configuration Debug for project wixel_motor_test_1 ****
make all 
make: *** No rule to make target `all'.  Stop.
09:44:11 **** Incremental Build of configuration Debug for project wixel_motor_test_1 ****
make all 
make: *** No rule to make target `all'.  Stop.
09:44:14 **** Incremental Build of configuration Debug for project wixel_motor_test_1 ****
make all 
make: *** No rule to make target `all'.  Stop.
09:44:16 **** Incremental Build of configuration Debug for project wixel_motor_test_1 ****
make all 
make: *** No rule to make target `all'.  Stop.
09:47:17 **** Incremental Build of configuration Debug for project wixel_motor_test_1 ****
make all 
make: *** No rule to make target `all'.  Stop.
09:47:21 **** Incremental Build of configuration Debug for project wixel_motor_test_1 ****
make all 
make: *** No rule to make target `all'.  Stop.
09:47:22 **** Incremental Build of configuration Debug for project wixel_motor_test_1 ****
make all 
make: *** No rule to make target `all'.  Stop.
